<?xml version="1.0" encoding="UTF-8"?>
<!-- Generated by org.testng.reporters.JUnitReportReporter -->
<testsuite hostname="Sophitia" name="BaseTest" tests="1" failures="0" timestamp="17 Jun 2014 03:58:41 GMT" time="22.933" errors="0">
  <testcase name="wikiTitle" time="22.933" classname="BaseTest"/>
</testsuite> <!-- BaseTest -->
