<?xml version="1.0" encoding="UTF-8"?>
<!-- Generated by org.testng.reporters.JUnitReportReporter -->
<testsuite hostname="Sophitia" name="homework.test.AddVideoTest" tests="1" failures="0" timestamp="17 Jun 2014 18:38:54 GMT" time="95.350" errors="0">
  <testcase name="uploadConfirmed" time="95.350" classname="homework.test.AddVideoTest"/>
</testsuite> <!-- homework.test.AddVideoTest -->
