<?xml version="1.0" encoding="UTF-8"?>
<!-- Generated by org.testng.reporters.JUnitReportReporter -->
<testsuite hostname="Sophitia" name="homework.test.LoginTest" tests="1" failures="0" timestamp="17 Jun 2014 14:48:13 GMT" time="13.224" errors="0">
  <testcase name="loggedInUsernameShown" time="13.224" classname="homework.test.LoginTest"/>
</testsuite> <!-- homework.test.LoginTest -->
